0 info it worked if it ends with ok
1 verbose cli [ 'C:\\Program Files\\nodejs\\node.exe',
1 verbose cli   'C:\\Program Files\\nodejs\\node_modules\\npm\\bin\\npm-cli.js',
1 verbose cli   'run-script',
1 verbose cli   'migrate_local' ]
2 info using npm@3.10.10
3 info using node@v6.10.0
4 verbose run-script [ 'premigrate_local', 'migrate_local', 'postmigrate_local' ]
5 info lifecycle quiz-2017@0.0.0~premigrate_local: quiz-2017@0.0.0
6 silly lifecycle quiz-2017@0.0.0~premigrate_local: no script for premigrate_local, continuing
7 info lifecycle quiz-2017@0.0.0~migrate_local: quiz-2017@0.0.0
8 verbose lifecycle quiz-2017@0.0.0~migrate_local: unsafe-perm in lifecycle true
9 verbose lifecycle quiz-2017@0.0.0~migrate_local: PATH: C:\Program Files\nodejs\node_modules\npm\bin\node-gyp-bin;C:\Users\pablo\Documents\GitHub\quiz_2017\node_modules\.bin;C:\Users\pablo\AppData\Local\GitHub\PortableGit_f02737a78695063deace08e96d5042710d3e32db\cmd;C:\Users\pablo\AppData\Local\GitHub\PortableGit_f02737a78695063deace08e96d5042710d3e32db\usr\bin;C:\Users\pablo\AppData\Local\GitHub\PortableGit_f02737a78695063deace08e96d5042710d3e32db\usr\share\git-tfs;C:\Users\pablo\AppData\Local\Apps\2.0\MEX1W0RD.J87\KLLMDZ4V.7W1\gith..tion_317444273a93ac29_0003.0003_5794af8169eeff14;C:\Users\pablo\AppData\Local\GitHub\lfs-amd64_1.5.5;C:\ProgramData\Oracle\Java\javapath;C:\WINDOWS\system32;C:\WINDOWS;C:\WINDOWS\System32\Wbem;C:\WINDOWS\System32\WindowsPowerShell\v1.0\;D:\matlab\runtime\win64;D:\matlab\bin;C:\Program Files (x86)\Skype\Phone\;C:\Program Files (x86)\NVIDIA Corporation\PhysX\Common;C:\Windows\system32;C:\Windows;C:\Windows\System32\Wbem;C:\Windows\System32\WindowsPowerShell\v1.0\;C:\HashiCorp\Vagrant\bin;C:\Program Files\PuTTY\;C:\Program Files\nodejs\;C:\Program Files (x86)\OpenSSH\bin;C:\Program Files\Git\cmd;C:\Users\pablo\pdx_exporter\TextureConverter;C:\Users\pablo\AppData\Local\Microsoft\WindowsApps;C:\Users\pablo\AppData\Roaming\npm;C:\Program Files\Heroku\bin;C:\Windows\Microsoft.NET\Framework\v4.0.30319\
10 verbose lifecycle quiz-2017@0.0.0~migrate_local: CWD: C:\Users\pablo\Documents\GitHub\quiz_2017
11 silly lifecycle quiz-2017@0.0.0~migrate_local: Args: [ '/d /s /c',
11 silly lifecycle   'bash ./node_modules/.bin/sequelize db:migrate --url sqlite://quiz.sqlite' ]
12 silly lifecycle quiz-2017@0.0.0~migrate_local: Returned: code: 1  signal: null
13 info lifecycle quiz-2017@0.0.0~migrate_local: Failed to exec migrate_local script
14 verbose stack Error: quiz-2017@0.0.0 migrate_local: `bash ./node_modules/.bin/sequelize db:migrate --url sqlite://quiz.sqlite`
14 verbose stack Exit status 1
14 verbose stack     at EventEmitter.<anonymous> (C:\Program Files\nodejs\node_modules\npm\lib\utils\lifecycle.js:255:16)
14 verbose stack     at emitTwo (events.js:106:13)
14 verbose stack     at EventEmitter.emit (events.js:191:7)
14 verbose stack     at ChildProcess.<anonymous> (C:\Program Files\nodejs\node_modules\npm\lib\utils\spawn.js:40:14)
14 verbose stack     at emitTwo (events.js:106:13)
14 verbose stack     at ChildProcess.emit (events.js:191:7)
14 verbose stack     at maybeClose (internal/child_process.js:877:16)
14 verbose stack     at Process.ChildProcess._handle.onexit (internal/child_process.js:226:5)
15 verbose pkgid quiz-2017@0.0.0
16 verbose cwd C:\Users\pablo\Documents\GitHub\quiz_2017
17 error Windows_NT 10.0.14393
18 error argv "C:\\Program Files\\nodejs\\node.exe" "C:\\Program Files\\nodejs\\node_modules\\npm\\bin\\npm-cli.js" "run-script" "migrate_local"
19 error node v6.10.0
20 error npm  v3.10.10
21 error code ELIFECYCLE
22 error quiz-2017@0.0.0 migrate_local: `bash ./node_modules/.bin/sequelize db:migrate --url sqlite://quiz.sqlite`
22 error Exit status 1
23 error Failed at the quiz-2017@0.0.0 migrate_local script 'bash ./node_modules/.bin/sequelize db:migrate --url sqlite://quiz.sqlite'.
23 error Make sure you have the latest version of node.js and npm installed.
23 error If you do, this is most likely a problem with the quiz-2017 package,
23 error not with npm itself.
23 error Tell the author that this fails on your system:
23 error     bash ./node_modules/.bin/sequelize db:migrate --url sqlite://quiz.sqlite
23 error You can get information on how to open an issue for this project with:
23 error     npm bugs quiz-2017
23 error Or if that isn't available, you can get their info via:
23 error     npm owner ls quiz-2017
23 error There is likely additional logging output above.
24 verbose exit [ 1, true ]
